# JRE version: Java(TM) SE Runtime Environment (8.0_60-b27) (build 1.8.0_60-b27)
# Java VM: Java HotSpot(TM) 64-Bit Server VM (25.60-b23 mixed mode windows-amd64 compressed oops)
Heap:
 PSYoungGen      total 71680K, used 56875K [0x0000000719580000, 0x0000000721880000, 0x00000007c0000000)
  eden space 66560K, 85% used [0x0000000719580000,0x000000071cd0ac28,0x000000071d680000)
  from space 5120K, 0% used [0x000000071d680000,0x000000071d680000,0x000000071db80000)
  to   space 5120K, 0% used [0x0000000721380000,0x0000000721380000,0x0000000721880000)
 ParOldGen       total 263680K, used 114432K [0x00000005cc000000, 0x00000005dc180000, 0x0000000719580000)
  object space 263680K, 43% used [0x00000005cc000000,0x00000005d2fc0250,0x00000005dc180000)
 Metaspace       used 18515K, capacity 19662K, committed 19840K, reserved 1067008K
  class space    used 2712K, capacity 2944K, committed 2944K, reserved 1048576K
GC Heap History (10 events):
Event: 0.801 GC heap before
{Heap before GC invocations=1 (full 0):
 PSYoungGen      total 38400K, used 33280K [0x0000000719580000, 0x000000071c000000, 0x00000007c0000000)
  eden space 33280K, 100% used [0x0000000719580000,0x000000071b600000,0x000000071b600000)
  from space 5120K, 0% used [0x000000071bb00000,0x000000071bb00000,0x000000071c000000)
  to   space 5120K, 0% used [0x000000071b600000,0x000000071b600000,0x000000071bb00000)
 ParOldGen       total 87552K, used 0K [0x00000005cc000000, 0x00000005d1580000, 0x0000000719580000)
  object space 87552K, 0% used [0x00000005cc000000,0x00000005cc000000,0x00000005d1580000)
 Metaspace       used 10599K, capacity 11022K, committed 11136K, reserved 1058816K
  class space    used 1449K, capacity 1574K, committed 1664K, reserved 1048576K
Event: 0.810 GC heap after
Heap after GC invocations=1 (full 0):
 PSYoungGen      total 38400K, used 5104K [0x0000000719580000, 0x000000071e080000, 0x00000007c0000000)
  eden space 33280K, 0% used [0x0000000719580000,0x0000000719580000,0x000000071b600000)
  from space 5120K, 99% used [0x000000071b600000,0x000000071bafc040,0x000000071bb00000)
  to   space 5120K, 0% used [0x000000071db80000,0x000000071db80000,0x000000071e080000)
 ParOldGen       total 87552K, used 12981K [0x00000005cc000000, 0x00000005d1580000, 0x0000000719580000)
  object space 87552K, 14% used [0x00000005cc000000,0x00000005cccad418,0x00000005d1580000)
 Metaspace       used 10599K, capacity 11022K, committed 11136K, reserved 1058816K
  class space    used 1449K, capacity 1574K, committed 1664K, reserved 1048576K
}
Event: 0.819 GC heap before
{Heap before GC invocations=2 (full 0):
 PSYoungGen      total 38400K, used 38384K [0x0000000719580000, 0x000000071e080000, 0x00000007c0000000)
  eden space 33280K, 100% used [0x0000000719580000,0x000000071b600000,0x000000071b600000)
  from space 5120K, 99% used [0x000000071b600000,0x000000071bafc040,0x000000071bb00000)
  to   space 5120K, 0% used [0x000000071db80000,0x000000071db80000,0x000000071e080000)
 ParOldGen       total 87552K, used 12981K [0x00000005cc000000, 0x00000005d1580000, 0x0000000719580000)
  object space 87552K, 14% used [0x00000005cc000000,0x00000005cccad418,0x00000005d1580000)
 Metaspace       used 10605K, capacity 11022K, committed 11136K, reserved 1058816K
  class space    used 1449K, capacity 1574K, committed 1664K, reserved 1048576K
Event: 0.838 GC heap after
Heap after GC invocations=2 (full 0):
 PSYoungGen      total 71680K, used 5088K [0x0000000719580000, 0x000000071e080000, 0x00000007c0000000)
  eden space 66560K, 0% used [0x0000000719580000,0x0000000719580000,0x000000071d680000)
  from space 5120K, 99% used [0x000000071db80000,0x000000071e078060,0x000000071e080000)
  to   space 5120K, 0% used [0x000000071d680000,0x000000071d680000,0x000000071db80000)
 ParOldGen       total 87552K, used 56485K [0x00000005cc000000, 0x00000005d1580000, 0x0000000719580000)
  object space 87552K, 64% used [0x00000005cc000000,0x00000005cf729418,0x00000005d1580000)
 Metaspace       used 10605K, capacity 11022K, committed 11136K, reserved 1058816K
  class space    used 1449K, capacity 1574K, committed 1664K, reserved 1048576K
}
Event: 0.838 GC heap before
{Heap before GC invocations=3 (full 1):
 PSYoungGen      total 71680K, used 5088K [0x0000000719580000, 0x000000071e080000, 0x00000007c0000000)
  eden space 66560K, 0% used [0x0000000719580000,0x0000000719580000,0x000000071d680000)
  from space 5120K, 99% used [0x000000071db80000,0x000000071e078060,0x000000071e080000)
  to   space 5120K, 0% used [0x000000071d680000,0x000000071d680000,0x000000071db80000)
 ParOldGen       total 87552K, used 56485K [0x00000005cc000000, 0x00000005d1580000, 0x0000000719580000)
  object space 87552K, 64% used [0x00000005cc000000,0x00000005cf729418,0x00000005d1580000)
 Metaspace       used 10605K, capacity 11022K, committed 11136K, reserved 1058816K
  class space    used 1449K, capacity 1574K, committed 1664K, reserved 1048576K
Event: 0.884 GC heap after
Heap after GC invocations=3 (full 1):
 PSYoungGen      total 71680K, used 0K [0x0000000719580000, 0x000000071e080000, 0x00000007c0000000)
  eden space 66560K, 0% used [0x0000000719580000,0x0000000719580000,0x000000071d680000)
  from space 5120K, 0% used [0x000000071db80000,0x000000071db80000,0x000000071e080000)
  to   space 5120K, 0% used [0x000000071d680000,0x000000071d680000,0x000000071db80000)
 ParOldGen       total 137216K, used 47883K [0x00000005cc000000, 0x00000005d4600000, 0x0000000719580000)
  object space 137216K, 34% used [0x00000005cc000000,0x00000005ceec2ea0,0x00000005d4600000)
 Metaspace       used 10605K, capacity 11022K, committed 11136K, reserved 1058816K
  class space    used 1449K, capacity 1574K, committed 1664K, reserved 1048576K
}
Event: 0.913 GC heap before
{Heap before GC invocations=4 (full 1):
 PSYoungGen      total 71680K, used 66560K [0x0000000719580000, 0x000000071e080000, 0x00000007c0000000)
  eden space 66560K, 100% used [0x0000000719580000,0x000000071d680000,0x000000071d680000)
  from space 5120K, 0% used [0x000000071db80000,0x000000071db80000,0x000000071e080000)
  to   space 5120K, 0% used [0x000000071d680000,0x000000071d680000,0x000000071db80000)
 ParOldGen       total 137216K, used 47883K [0x00000005cc000000, 0x00000005d4600000, 0x0000000719580000)
  object space 137216K, 34% used [0x00000005cc000000,0x00000005ceec2ea0,0x00000005d4600000)
 Metaspace       used 10605K, capacity 11022K, committed 11136K, reserved 1058816K
  class space    used 1449K, capacity 1574K, committed 1664K, reserved 1048576K
Event: 0.940 GC heap after
Heap after GC invocations=4 (full 1):
 PSYoungGen      total 71680K, used 5088K [0x0000000719580000, 0x0000000721880000, 0x00000007c0000000)
  eden space 66560K, 0% used [0x0000000719580000,0x0000000719580000,0x000000071d680000)
  from space 5120K, 99% used [0x000000071d680000,0x000000071db78020,0x000000071db80000)
  to   space 5120K, 0% used [0x0000000721380000,0x0000000721380000,0x0000000721880000)
 ParOldGen       total 137216K, used 129595K [0x00000005cc000000, 0x00000005d4600000, 0x0000000719580000)
  object space 137216K, 94% used [0x00000005cc000000,0x00000005d3e8eea0,0x00000005d4600000)
 Metaspace       used 10605K, capacity 11022K, committed 11136K, reserved 1058816K
  class space    used 1449K, capacity 1574K, committed 1664K, reserved 1048576K
}
Event: 0.940 GC heap before
{Heap before GC invocations=5 (full 2):
 PSYoungGen      total 71680K, used 5088K [0x0000000719580000, 0x0000000721880000, 0x00000007c0000000)
  eden space 66560K, 0% used [0x0000000719580000,0x0000000719580000,0x000000071d680000)
  from space 5120K, 99% used [0x000000071d680000,0x000000071db78020,0x000000071db80000)
  to   space 5120K, 0% used [0x0000000721380000,0x0000000721380000,0x0000000721880000)
 ParOldGen       total 137216K, used 129595K [0x00000005cc000000, 0x00000005d4600000, 0x0000000719580000)
  object space 137216K, 94% used [0x00000005cc000000,0x00000005d3e8eea0,0x00000005d4600000)
 Metaspace       used 10605K, capacity 11022K, committed 11136K, reserved 1058816K
  class space    used 1449K, capacity 1574K, committed 1664K, reserved 1048576K
Event: 0.968 GC heap after
Heap after GC invocations=5 (full 2):
 PSYoungGen      total 71680K, used 0K [0x0000000719580000, 0x0000000721880000, 0x00000007c0000000)
  eden space 66560K, 0% used [0x0000000719580000,0x0000000719580000,0x000000071d680000)
  from space 5120K, 0% used [0x000000071d680000,0x000000071d680000,0x000000071db80000)
  to   space 5120K, 0% used [0x0000000721380000,0x0000000721380000,0x0000000721880000)
 ParOldGen       total 263680K, used 114432K [0x00000005cc000000, 0x00000005dc180000, 0x0000000719580000)
  object space 263680K, 43% used [0x00000005cc000000,0x00000005d2fc0250,0x00000005dc180000)
 Metaspace       used 10605K, capacity 11022K, committed 11136K, reserved 1058816K
  class space    used 1449K, capacity 1574K, committed 1664K, reserved 1048576K
}

